<?xml version="1.0" encoding="UTF-8"?>
<!-- Generated by org.testng.reporters.JUnitXMLReporter -->
<testsuite hostname="DESKTOP-FSL8CGI" name="Default test" tests="2" failures="0" timestamp="13 May 2020 07:57:07 GMT" time="0.404" errors="0">
  <testcase name="feature" time="0.0" classname="com.TestRunner.TestRun">
    <skipped/>
  </testcase> <!-- feature -->
  <testcase name="feature" time="0.0" classname="com.TestRunner.TestRun">
    <skipped/>
  </testcase> <!-- feature -->
</testsuite> <!-- Default test -->
